<?xml version="1.0" encoding="UTF-8"?>
<!-- Generated by org.testng.reporters.JUnitXMLReporter -->
<testsuite hostname="MLB-CPS-C65" name="Test with Firefox" tests="1" failures="1" timestamp="5 Apr 2016 07:50:44 GMT" time="24.45" errors="0">
  <testcase name="Testing" time="11.766" classname="TestScripts.NewTest">
    <failure type="junit.framework.ComparisonFailure" message="expected:&amp;lt;[About Google]&amp;gt; but was:&amp;lt;[]&amp;gt;">
      <![CDATA[junit.framework.ComparisonFailure: expected:<[About Google]> but was:<[]>
	at junit.framework.Assert.assertEquals(Assert.java:85)
	at junit.framework.Assert.assertEquals(Assert.java:91)
	at TestScripts.NewTest.Testing(NewTest.java:38)
	at java.util.concurrent.FutureTask.run(FutureTask.java:266)
	at java.util.concurrent.ThreadPoolExecutor.runWorker(ThreadPoolExecutor.java:1142)
	at java.util.concurrent.ThreadPoolExecutor$Worker.run(ThreadPoolExecutor.java:617)
	at java.lang.Thread.run(Thread.java:745)
... Removed 16 stack frames]]>
    </failure>
  </testcase> <!-- Testing -->
</testsuite> <!-- Test with Firefox -->
