<?xml version="1.0" encoding="UTF-8"?>
<testng-results skipped="0" failed="0" total="3" passed="3">
  <reporter-output>
  </reporter-output>
  <suite name="Salesforec Automation" duration-ms="24163" started-at="2016-03-31T08:38:05Z" finished-at="2016-03-31T08:38:30Z">
    <groups>
    </groups>
    <test name="Test with IE" duration-ms="14517" started-at="2016-03-31T08:38:05Z" finished-at="2016-03-31T08:38:20Z">
      <class name="TestScripts.NewTest">
        <test-method status="PASS" signature="initialise(java.lang.String, org.testng.ITestContext)[pri:0, instance:TestScripts.NewTest@68837a77]" name="initialise" is-config="true" duration-ms="500" started-at="2016-03-31T08:38:06Z" finished-at="2016-03-31T08:38:06Z">
          <params>
            <param index="0">
              <value>
                <![CDATA[IE]]>
              </value>
            </param>
            <param index="1">
              <value>
                <![CDATA[org.testng.TestRunner@74d9bc85]]>
              </value>
            </param>
          </params>
        </test-method> <!-- initialise -->
        <test-method status="PASS" signature="setUP(java.lang.String)[pri:0, instance:TestScripts.NewTest@68837a77]" name="setUP" is-config="true" duration-ms="3732" started-at="2016-03-31T08:38:06Z" finished-at="2016-03-31T08:38:10Z">
          <params>
            <param index="0">
              <value>
                <![CDATA[IE]]>
              </value>
            </param>
          </params>
        </test-method> <!-- setUP -->
        <test-method status="PASS" signature="Testing(org.testng.ITestContext)[pri:0, instance:TestScripts.NewTest@68837a77]" name="Testing" duration-ms="7847" started-at="2016-03-31T08:38:10Z" finished-at="2016-03-31T08:38:18Z">
          <params>
            <param index="0">
              <value>
                <![CDATA[org.testng.TestRunner@74d9bc85]]>
              </value>
            </param>
          </params>
        </test-method> <!-- Testing -->
        <test-method status="PASS" signature="afterMethod()[pri:0, instance:TestScripts.NewTest@68837a77]" name="afterMethod" is-config="true" duration-ms="1241" started-at="2016-03-31T08:38:18Z" finished-at="2016-03-31T08:38:19Z">
        </test-method> <!-- afterMethod -->
        <test-method status="PASS" signature="cleanUP(org.testng.ITestContext)[pri:0, instance:TestScripts.NewTest@68837a77]" name="cleanUP" is-config="true" duration-ms="1147" started-at="2016-03-31T08:38:19Z" finished-at="2016-03-31T08:38:20Z">
          <params>
            <param index="0">
              <value>
                <![CDATA[org.testng.TestRunner@74d9bc85]]>
              </value>
            </param>
          </params>
        </test-method> <!-- cleanUP -->
      </class> <!-- TestScripts.NewTest -->
    </test> <!-- Test with IE -->
    <test name="Test with Chrome" duration-ms="16027" started-at="2016-03-31T08:38:05Z" finished-at="2016-03-31T08:38:22Z">
      <class name="TestScripts.NewTest">
        <test-method status="PASS" signature="initialise(java.lang.String, org.testng.ITestContext)[pri:0, instance:TestScripts.NewTest@60addb54]" name="initialise" is-config="true" duration-ms="500" started-at="2016-03-31T08:38:06Z" finished-at="2016-03-31T08:38:06Z">
          <params>
            <param index="0">
              <value>
                <![CDATA[Chrome]]>
              </value>
            </param>
            <param index="1">
              <value>
                <![CDATA[org.testng.TestRunner@76d9380e]]>
              </value>
            </param>
          </params>
        </test-method> <!-- initialise -->
        <test-method status="PASS" signature="setUP(java.lang.String)[pri:0, instance:TestScripts.NewTest@60addb54]" name="setUP" is-config="true" duration-ms="2850" started-at="2016-03-31T08:38:06Z" finished-at="2016-03-31T08:38:09Z">
          <params>
            <param index="0">
              <value>
                <![CDATA[Chrome]]>
              </value>
            </param>
          </params>
        </test-method> <!-- setUP -->
        <test-method status="PASS" signature="Testing(org.testng.ITestContext)[pri:0, instance:TestScripts.NewTest@60addb54]" name="Testing" duration-ms="10972" started-at="2016-03-31T08:38:09Z" finished-at="2016-03-31T08:38:20Z">
          <params>
            <param index="0">
              <value>
                <![CDATA[org.testng.TestRunner@76d9380e]]>
              </value>
            </param>
          </params>
        </test-method> <!-- Testing -->
        <test-method status="PASS" signature="afterMethod()[pri:0, instance:TestScripts.NewTest@60addb54]" name="afterMethod" is-config="true" duration-ms="1588" started-at="2016-03-31T08:38:20Z" finished-at="2016-03-31T08:38:21Z">
        </test-method> <!-- afterMethod -->
        <test-method status="PASS" signature="cleanUP(org.testng.ITestContext)[pri:0, instance:TestScripts.NewTest@60addb54]" name="cleanUP" is-config="true" duration-ms="70" started-at="2016-03-31T08:38:21Z" finished-at="2016-03-31T08:38:22Z">
          <params>
            <param index="0">
              <value>
                <![CDATA[org.testng.TestRunner@76d9380e]]>
              </value>
            </param>
          </params>
        </test-method> <!-- cleanUP -->
      </class> <!-- TestScripts.NewTest -->
    </test> <!-- Test with Chrome -->
    <test name="Test with Firefox" duration-ms="24163" started-at="2016-03-31T08:38:05Z" finished-at="2016-03-31T08:38:30Z">
      <class name="TestScripts.NewTest">
        <test-method status="PASS" signature="initialise(java.lang.String, org.testng.ITestContext)[pri:0, instance:TestScripts.NewTest@3fb6a447]" name="initialise" is-config="true" duration-ms="500" started-at="2016-03-31T08:38:06Z" finished-at="2016-03-31T08:38:06Z">
          <params>
            <param index="0">
              <value>
                <![CDATA[Firefox]]>
              </value>
            </param>
            <param index="1">
              <value>
                <![CDATA[org.testng.TestRunner@73627dbf]]>
              </value>
            </param>
          </params>
        </test-method> <!-- initialise -->
        <test-method status="PASS" signature="setUP(java.lang.String)[pri:0, instance:TestScripts.NewTest@3fb6a447]" name="setUP" is-config="true" duration-ms="9907" started-at="2016-03-31T08:38:06Z" finished-at="2016-03-31T08:38:16Z">
          <params>
            <param index="0">
              <value>
                <![CDATA[Firefox]]>
              </value>
            </param>
          </params>
        </test-method> <!-- setUP -->
        <test-method status="PASS" signature="Testing(org.testng.ITestContext)[pri:0, instance:TestScripts.NewTest@3fb6a447]" name="Testing" duration-ms="13067" started-at="2016-03-31T08:38:16Z" finished-at="2016-03-31T08:38:29Z">
          <params>
            <param index="0">
              <value>
                <![CDATA[org.testng.TestRunner@73627dbf]]>
              </value>
            </param>
          </params>
        </test-method> <!-- Testing -->
        <test-method status="PASS" signature="afterMethod()[pri:0, instance:TestScripts.NewTest@3fb6a447]" name="afterMethod" is-config="true" duration-ms="533" started-at="2016-03-31T08:38:29Z" finished-at="2016-03-31T08:38:30Z">
        </test-method> <!-- afterMethod -->
        <test-method status="PASS" signature="cleanUP(org.testng.ITestContext)[pri:0, instance:TestScripts.NewTest@3fb6a447]" name="cleanUP" is-config="true" duration-ms="109" started-at="2016-03-31T08:38:30Z" finished-at="2016-03-31T08:38:30Z">
          <params>
            <param index="0">
              <value>
                <![CDATA[org.testng.TestRunner@73627dbf]]>
              </value>
            </param>
          </params>
        </test-method> <!-- cleanUP -->
      </class> <!-- TestScripts.NewTest -->
    </test> <!-- Test with Firefox -->
  </suite> <!-- Salesforec Automation -->
</testng-results>
